2019-08-07 16:41:06.602  INFO 9064 --- [restartedMain] c.spike.community.CommunityApplication   : Starting CommunityApplication on Spike-Lee with PID 9064 (started by liyizhe in D:\SpringBoot实战\community)
2019-08-07 16:41:06.603  INFO 9064 --- [restartedMain] c.spike.community.CommunityApplication   : No active profile set, falling back to default profiles: default
2019-08-07 16:41:06.641  INFO 9064 --- [restartedMain] .e.DevToolsPropertyDefaultsPostProcessor : Devtools property defaults active! Set 'spring.devtools.add-properties' to 'false' to disable
2019-08-07 16:41:06.641  INFO 9064 --- [restartedMain] .e.DevToolsPropertyDefaultsPostProcessor : For additional web related logging consider setting the 'logging.level.web' property to 'DEBUG'
2019-08-07 16:41:06.698  WARN 9064 --- [background-preinit] o.s.h.c.j.Jackson2ObjectMapperBuilder    : For Jackson Kotlin classes support please add "com.fasterxml.jackson.module:jackson-module-kotlin" to the classpath
2019-08-07 16:41:07.751  INFO 9064 --- [restartedMain] o.s.b.w.embedded.tomcat.TomcatWebServer  : Tomcat initialized with port(s): 8887 (http)
2019-08-07 16:41:07.768  INFO 9064 --- [restartedMain] o.apache.catalina.core.StandardService   : Starting service [Tomcat]
2019-08-07 16:41:07.769  INFO 9064 --- [restartedMain] org.apache.catalina.core.StandardEngine  : Starting Servlet engine: [Apache Tomcat/9.0.21]
2019-08-07 16:41:07.871  INFO 9064 --- [restartedMain] o.a.c.c.C.[Tomcat].[localhost].[/]       : Initializing Spring embedded WebApplicationContext
2019-08-07 16:41:07.872  INFO 9064 --- [restartedMain] o.s.web.context.ContextLoader            : Root WebApplicationContext: initialization completed in 1231 ms
2019-08-07 16:41:08.397  INFO 9064 --- [restartedMain] o.s.s.concurrent.ThreadPoolTaskExecutor  : Initializing ExecutorService 'applicationTaskExecutor'
2019-08-07 16:41:08.498  INFO 9064 --- [restartedMain] o.s.b.a.w.s.WelcomePageHandlerMapping    : Adding welcome page template: index
2019-08-07 16:41:08.703  INFO 9064 --- [restartedMain] o.s.b.d.a.OptionalLiveReloadServer       : LiveReload server is running on port 35729
2019-08-07 16:41:08.740  INFO 9064 --- [restartedMain] o.s.b.w.embedded.tomcat.TomcatWebServer  : Tomcat started on port(s): 8887 (http) with context path ''
2019-08-07 16:41:08.742  INFO 9064 --- [restartedMain] c.spike.community.CommunityApplication   : Started CommunityApplication in 2.557 seconds (JVM running for 4.11)
2019-08-07 16:41:58.831  INFO 9064 --- [http-nio-8887-exec-1] o.a.c.c.C.[Tomcat].[localhost].[/]       : Initializing Spring DispatcherServlet 'dispatcherServlet'
2019-08-07 16:41:58.832  INFO 9064 --- [http-nio-8887-exec-1] o.s.web.servlet.DispatcherServlet        : Initializing Servlet 'dispatcherServlet'
2019-08-07 16:41:58.836  INFO 9064 --- [http-nio-8887-exec-1] o.s.web.servlet.DispatcherServlet        : Completed initialization in 4 ms
2019-08-07 16:41:58.885  INFO 9064 --- [http-nio-8887-exec-1] com.zaxxer.hikari.HikariDataSource       : HikariPool-1 - Starting...
2019-08-07 16:41:59.662  INFO 9064 --- [http-nio-8887-exec-1] com.zaxxer.hikari.HikariDataSource       : HikariPool-1 - Start completed.
2019-08-07 16:41:59.667 DEBUG 9064 --- [http-nio-8887-exec-1] c.s.c.m.QuestionExtMapper.countBySearch  : ==>  Preparing: select count(*) from question 
2019-08-07 16:41:59.682 DEBUG 9064 --- [http-nio-8887-exec-1] c.s.c.m.QuestionExtMapper.countBySearch  : ==> Parameters: 
2019-08-07 16:41:59.711 DEBUG 9064 --- [http-nio-8887-exec-1] c.s.c.m.QuestionExtMapper.countBySearch  : <==      Total: 1
2019-08-07 16:41:59.713 DEBUG 9064 --- [http-nio-8887-exec-1] c.s.c.m.Q.selectBySearch                 : ==>  Preparing: select * from question order by gmt_create DESC limit ?,? 
2019-08-07 16:41:59.714 DEBUG 9064 --- [http-nio-8887-exec-1] c.s.c.m.Q.selectBySearch                 : ==> Parameters: 0(Integer), 5(Integer)
2019-08-07 16:41:59.719 DEBUG 9064 --- [http-nio-8887-exec-1] c.s.c.m.Q.selectBySearch                 : <==      Total: 5
2019-08-07 16:41:59.719 DEBUG 9064 --- [http-nio-8887-exec-1] c.s.c.m.UserMapper.selectByPrimaryKey    : ==>  Preparing: select ID, ACCOUNT_ID, NAME, TOKEN, GMT_CREATE, GMT_MODIFIED, bio, avatar_url from user where ID = ? 
2019-08-07 16:41:59.719 DEBUG 9064 --- [http-nio-8887-exec-1] c.s.c.m.UserMapper.selectByPrimaryKey    : ==> Parameters: 6(Long)
2019-08-07 16:41:59.722 DEBUG 9064 --- [http-nio-8887-exec-1] c.s.c.m.UserMapper.selectByPrimaryKey    : <==      Total: 1
2019-08-07 16:41:59.729 DEBUG 9064 --- [http-nio-8887-exec-1] c.s.c.m.UserMapper.selectByPrimaryKey    : ==>  Preparing: select ID, ACCOUNT_ID, NAME, TOKEN, GMT_CREATE, GMT_MODIFIED, bio, avatar_url from user where ID = ? 
2019-08-07 16:41:59.729 DEBUG 9064 --- [http-nio-8887-exec-1] c.s.c.m.UserMapper.selectByPrimaryKey    : ==> Parameters: 6(Long)
2019-08-07 16:41:59.730 DEBUG 9064 --- [http-nio-8887-exec-1] c.s.c.m.UserMapper.selectByPrimaryKey    : <==      Total: 1
2019-08-07 16:41:59.730 DEBUG 9064 --- [http-nio-8887-exec-1] c.s.c.m.UserMapper.selectByPrimaryKey    : ==>  Preparing: select ID, ACCOUNT_ID, NAME, TOKEN, GMT_CREATE, GMT_MODIFIED, bio, avatar_url from user where ID = ? 
2019-08-07 16:41:59.731 DEBUG 9064 --- [http-nio-8887-exec-1] c.s.c.m.UserMapper.selectByPrimaryKey    : ==> Parameters: 6(Long)
2019-08-07 16:41:59.732 DEBUG 9064 --- [http-nio-8887-exec-1] c.s.c.m.UserMapper.selectByPrimaryKey    : <==      Total: 1
2019-08-07 16:41:59.732 DEBUG 9064 --- [http-nio-8887-exec-1] c.s.c.m.UserMapper.selectByPrimaryKey    : ==>  Preparing: select ID, ACCOUNT_ID, NAME, TOKEN, GMT_CREATE, GMT_MODIFIED, bio, avatar_url from user where ID = ? 
2019-08-07 16:41:59.732 DEBUG 9064 --- [http-nio-8887-exec-1] c.s.c.m.UserMapper.selectByPrimaryKey    : ==> Parameters: 6(Long)
2019-08-07 16:41:59.734 DEBUG 9064 --- [http-nio-8887-exec-1] c.s.c.m.UserMapper.selectByPrimaryKey    : <==      Total: 1
2019-08-07 16:41:59.734 DEBUG 9064 --- [http-nio-8887-exec-1] c.s.c.m.UserMapper.selectByPrimaryKey    : ==>  Preparing: select ID, ACCOUNT_ID, NAME, TOKEN, GMT_CREATE, GMT_MODIFIED, bio, avatar_url from user where ID = ? 
2019-08-07 16:41:59.735 DEBUG 9064 --- [http-nio-8887-exec-1] c.s.c.m.UserMapper.selectByPrimaryKey    : ==> Parameters: 6(Long)
2019-08-07 16:41:59.736 DEBUG 9064 --- [http-nio-8887-exec-1] c.s.c.m.UserMapper.selectByPrimaryKey    : <==      Total: 1
2019-08-07 16:43:37.599  INFO 9064 --- [Thread-11] o.s.s.concurrent.ThreadPoolTaskExecutor  : Shutting down ExecutorService 'applicationTaskExecutor'
2019-08-07 16:43:37.600  INFO 9064 --- [Thread-11] com.zaxxer.hikari.HikariDataSource       : HikariPool-1 - Shutdown initiated...
2019-08-07 16:43:37.610  INFO 9064 --- [Thread-11] com.zaxxer.hikari.HikariDataSource       : HikariPool-1 - Shutdown completed.
